
May 16, 2017 10:31:38.73 NEW SESSION
May 16, 2017 10:31:38.73 [GFX1]: Potential driver version mismatch ignored due to missing DLLs 0.0.0.0 and 0.0.0.0
May 16, 2017 10:32:43.79 1494910963799	addons.productaddons	ERROR	Request failed certificate checks: [Exception... "Certificate checks failed. See previous errors for details."  nsresult: "0x80070057 (NS_ERROR_ILLEGAL_VALUE)"  location: "JS frame :: resource://gre/modules/CertUtils.jsm :: validateCert :: line 113"  data: no]
May 16, 2017 10:44:12.02 1494911652029	addons.update-checker	WARN	Request failed: https://versioncheck-bg.addons.mozilla.org/update/VersionCheck.php?reqVersion=2&id=firebug@software.joehewitt.com&version=2.0.17&maxAppVersion=49.0&status=userEnabled&appID={ec8030f7-c20a-464f-9b0e-13a3a9e97384}&appVersion=53.0.2&appOS=WINNT&appABI=x86-msvc&locale=en-US&currentAppVersion=53.0.2&updateType=112&compatMode=normal - [Exception... "Certificate issuer is not built-in."  nsresult: "0x80004004 (NS_ERROR_ABORT)"  location: "JS frame :: resource://gre/modules/CertUtils.jsm :: checkCert :: line 171"  data: no]
May 16, 2017 10:44:12.13 1494911652123	addons.update-checker	WARN	Request failed: https://versioncheck-bg.addons.mozilla.org/update/VersionCheck.php?reqVersion=2&id=e10srollout@mozilla.org&version=1.14&maxAppVersion=53.*&status=userEnabled&appID={ec8030f7-c20a-464f-9b0e-13a3a9e97384}&appVersion=53.0.2&appOS=WINNT&appABI=x86-msvc&locale=en-US&currentAppVersion=53.0.2&updateType=112&compatMode=normal - [Exception... "Certificate issuer is not built-in."  nsresult: "0x80004004 (NS_ERROR_ABORT)"  location: "JS frame :: resource://gre/modules/CertUtils.jsm :: checkCert :: line 171"  data: no]
May 16, 2017 10:44:12.21 1494911652219	addons.update-checker	WARN	Request failed: https://versioncheck-bg.addons.mozilla.org/update/VersionCheck.php?reqVersion=2&id=firefox@getpocket.com&version=1.0.5&maxAppVersion=53.*&status=userEnabled&appID={ec8030f7-c20a-464f-9b0e-13a3a9e97384}&appVersion=53.0.2&appOS=WINNT&appABI=x86-msvc&locale=en-US&currentAppVersion=53.0.2&updateType=112&compatMode=normal - [Exception... "Certificate issuer is not built-in."  nsresult: "0x80004004 (NS_ERROR_ABORT)"  location: "JS frame :: resource://gre/modules/CertUtils.jsm :: checkCert :: line 171"  data: no]
May 16, 2017 10:44:12.29 1494911652302	addons.update-checker	WARN	Request failed: https://versioncheck-bg.addons.mozilla.org/update/VersionCheck.php?reqVersion=2&id=webcompat@mozilla.org&version=1.0&maxAppVersion=53.*&status=userEnabled&appID={ec8030f7-c20a-464f-9b0e-13a3a9e97384}&appVersion=53.0.2&appOS=WINNT&appABI=x86-msvc&locale=en-US&currentAppVersion=53.0.2&updateType=112&compatMode=normal - [Exception... "Certificate issuer is not built-in."  nsresult: "0x80004004 (NS_ERROR_ABORT)"  location: "JS frame :: resource://gre/modules/CertUtils.jsm :: checkCert :: line 171"  data: no]
May 16, 2017 10:44:12.40 1494911652407	addons.update-checker	WARN	Request failed: https://versioncheck-bg.addons.mozilla.org/update/VersionCheck.php?reqVersion=2&id=aushelper@mozilla.org&version=2.0&maxAppVersion=53.*&status=userEnabled&appID={ec8030f7-c20a-464f-9b0e-13a3a9e97384}&appVersion=53.0.2&appOS=WINNT&appABI=x86-msvc&locale=en-US&currentAppVersion=53.0.2&updateType=112&compatMode=normal - [Exception... "Certificate issuer is not built-in."  nsresult: "0x80004004 (NS_ERROR_ABORT)"  location: "JS frame :: resource://gre/modules/CertUtils.jsm :: checkCert :: line 171"  data: no]
May 16, 2017 10:44:12.49 1494911652507	addons.update-checker	WARN	Request failed: https://versioncheck-bg.addons.mozilla.org/update/VersionCheck.php?reqVersion=2&id={972ce4c6-7e08-4474-a285-3208198ce6fd}&version=53.0.2&maxAppVersion=53.0.2&status=userEnabled&appID={ec8030f7-c20a-464f-9b0e-13a3a9e97384}&appVersion=53.0.2&appOS=WINNT&appABI=x86-msvc&locale=en-US&currentAppVersion=53.0.2&updateType=112&compatMode=normal - [Exception... "Certificate issuer is not built-in."  nsresult: "0x80004004 (NS_ERROR_ABORT)"  location: "JS frame :: resource://gre/modules/CertUtils.jsm :: checkCert :: line 171"  data: no]
May 16, 2017 10:44:12.85 1494911652865	addons.update-checker	WARN	Request failed: https://versioncheck-bg.addons.mozilla.org/update/VersionCheck.php?reqVersion=2&id=firefox-hotfix@mozilla.org&version=20160128.01&maxAppVersion=%ITEM_MAXAPPVERSION%&status=userEnabled,incompatible&appID={ec8030f7-c20a-464f-9b0e-13a3a9e97384}&appVersion=53.0.2&appOS=WINNT&appABI=x86-msvc&locale=en-US&currentAppVersion=53.0.2&updateType=%UPDATE_TYPE%&compatMode=%COMPATIBILITY_MODE% - [Exception... "Certificate issuer is not built-in."  nsresult: "0x80004004 (NS_ERROR_ABORT)"  location: "JS frame :: resource://gre/modules/CertUtils.jsm :: checkCert :: line 171"  data: no]
May 16, 2017 10:44:14.13 1494911654146	addons.productaddons	ERROR	Request failed certificate checks: [Exception... "Certificate issuer is not built-in."  nsresult: "0x80004004 (NS_ERROR_ABORT)"  location: "JS frame :: resource://gre/modules/CertUtils.jsm :: checkCert :: line 171"  data: no]
May 16, 2017 10:44:14.37 1494911654366	addons.xpi	ERROR	Failed to download system add-on gmp-gmpopenh264: Error: File C:\Users\Amit\AppData\Local\Temp\tmpaddon-1ec2e8 does not contain a valid install manifest (resource://gre/modules/addons/XPIProvider.jsm:1507:11) JS Stack trace: loadManifestFromZipReader<@XPIProvider.jsm:1507:11
May 16, 2017 10:44:18.19 1494911658203	addons.webextension.<unknown>	WARN	Loading extension 'null': Reading manifest: Error processing arch: An unexpected property was found in the WebExtension manifest.
May 16, 2017 10:44:18.22 1494911658203	addons.webextension.<unknown>	WARN	Loading extension 'null': Reading manifest: Error processing offline_enabled: An unexpected property was found in the WebExtension manifest.
May 16, 2017 10:44:18.26 1494911658204	addons.webextension.<unknown>	WARN	Loading extension 'null': Reading manifest: Error processing os: An unexpected property was found in the WebExtension manifest.
May 16, 2017 10:44:18.29 1494911658204	addons.webextension.<unknown>	WARN	Loading extension 'null': Reading manifest: Error processing x-cdm-codecs: An unexpected property was found in the WebExtension manifest.
May 16, 2017 10:44:18.32 1494911658233	addons.webextension.<unknown>	WARN	Loading extension 'null': Reading manifest: Error processing x-cdm-host-versions: An unexpected property was found in the WebExtension manifest.
May 16, 2017 10:44:18.35 1494911658233	addons.webextension.<unknown>	WARN	Loading extension 'null': Reading manifest: Error processing x-cdm-interface-versions: An unexpected property was found in the WebExtension manifest.
May 16, 2017 10:44:18.38 1494911658233	addons.webextension.<unknown>	WARN	Loading extension 'null': Reading manifest: Error processing x-cdm-module-versions: An unexpected property was found in the WebExtension manifest.
May 16, 2017 10:44:18.41 1494911658331	addons.xpi	WARN	Add-on undefined is not correctly signed.
May 16, 2017 10:44:18.44 1494911658332	addons.manager	WARN	Failed to update system addons: Error: Rejecting updated system add-on set that either could not be downloaded or contained unusable add-ons. (resource://gre/modules/addons/XPIProvider.jsm:3184:13) JS Stack trace: this.XPIProvider.updateSystemAddons<@XPIProvider.jsm:3184:13

May 18, 2017 11:41:38.51 NEW SESSION
May 18, 2017 11:41:38.51 [GFX1]: Potential driver version mismatch ignored due to missing DLLs 0.0.0.0 and 0.0.0.0
May 18, 2017 11:42:54.89 1495087974889	addons.productaddons	WARN	Failed downloading XML, status: 0, reason: error
May 18, 2017 11:48:21.52 *************************
May 18, 2017 11:48:21.58 A coding exception was thrown and uncaught in a Task.
May 18, 2017 11:48:21.61 
May 18, 2017 11:48:21.64 Full message: TypeError: NetworkError when attempting to fetch resource.
May 18, 2017 11:48:21.66 Full stack: 
May 18, 2017 11:48:21.67 *************************
May 18, 2017 11:54:33.55 1495088673554	addons.repository	WARN	Search failed when repopulating cache
May 18, 2017 11:54:57.70 1495088697696	addons.update-checker	WARN	HTTP Request failed for an unknown reason
May 18, 2017 11:54:57.73 1495088697697	addons.update-checker	WARN	HTTP Request failed for an unknown reason
May 18, 2017 11:54:57.74 1495088697698	addons.update-checker	WARN	HTTP Request failed for an unknown reason
May 18, 2017 11:54:57.77 1495088697699	addons.update-checker	WARN	HTTP Request failed for an unknown reason
May 18, 2017 11:54:57.81 1495088697699	addons.update-checker	WARN	HTTP Request failed for an unknown reason
May 18, 2017 11:54:57.82 1495088697700	addons.update-checker	WARN	HTTP Request failed for an unknown reason
May 18, 2017 11:55:21.70 1495088721702	addons.update-checker	WARN	HTTP Request failed for an unknown reason
May 18, 2017 11:55:33.70 1495088733703	addons.productaddons	WARN	Failed downloading XML, status: 0, reason: error
May 18, 2017 11:55:45.72 1495088745719	addons.productaddons	WARN	Failed downloading via XHR, status: 0, reason: error
May 18, 2017 11:55:45.75 1495088745721	addons.xpi	ERROR	Failed to download system add-on gmp-gmpopenh264: Error: Failed downloading via XHR, status: 0, reason: error (resource://gre/modules/addons/ProductAddonChecker.jsm:319:16) JS Stack trace: fail@ProductAddonChecker.jsm:319:16
May 18, 2017 11:55:45.78 1495088745734	addons.productaddons	WARN	Failed downloading via XHR, status: 0, reason: error
May 18, 2017 11:55:45.83 1495088745736	addons.xpi	ERROR	Failed to download system add-on gmp-widevinecdm: Error: Failed downloading via XHR, status: 0, reason: error (resource://gre/modules/addons/ProductAddonChecker.jsm:319:16) JS Stack trace: fail@ProductAddonChecker.jsm:319:16
May 18, 2017 11:55:45.86 1495088745762	addons.manager	WARN	Failed to update system addons: Error: Rejecting updated system add-on set that either could not be downloaded or contained unusable add-ons. (resource://gre/modules/addons/XPIProvider.jsm:3184:13) JS Stack trace: this.XPIProvider.updateSystemAddons<@XPIProvider.jsm:3184:13
May 18, 2017 15:19:18.20 [GFX1]: Potential driver version mismatch ignored due to missing DLLs 0.0.0.0 and 0.0.0.0
